<?xml version="1.0" encoding="UTF-8"?>
<testsuite name="stack.StackTest" tests="1" skipped="0" failures="0" errors="0" timestamp="2024-10-26T09:39:44" hostname="linux-A005-03" time="0.012">
  <properties/>
  <testcase name="testPush()" classname="stack.StackTest" time="0.012"/>
  <system-out><![CDATA[]]></system-out>
  <system-err><![CDATA[]]></system-err>
</testsuite>
